<?xml version="1.0" encoding="UTF-8"?>
<!-- Generated by org.testng.reporters.JUnitReportReporter -->
<testsuite hostname="DESKTOP-77H310P" failures="0" tests="3" name="TestScenarios.TestMethod" time="20.604" errors="0" timestamp="2022-05-05T19:28:27 SAST" skipped="0">
  <testcase classname="TestScenarios.TestMethod" name="search" time="8.198"/>
  <system-out/>
  <testcase classname="TestScenarios.TestMethod" name="verifyFBpage" time="2.268"/>
  <system-out/>
  <testcase classname="TestScenarios.TestMethod" name="logintoFacebook" time="10.138"/>
  <system-out/>
</testsuite> <!-- TestScenarios.TestMethod -->
